# HISTORY OF CHANGES     
# Get rid of flexible b.c.
#EXPR='ins_type:[ ]*flexible2$'

# Get rid of specialized types
global_input_change.command ~ 's\([0-9]*\)_[a-z]*_type:’ 's\1_hp_type:’

# Change dot to underscore
#EXPR='b\([0-9]*\)\.'
#REPL='b\1_'

# Get rid of symbolic b.c.
#EXPR='s\([0-9]*\)_hp_type:[ ]*symbolic$'
#REPL='s\1_hp_type: plain'

# Get rid of mixed b.c.
#EXPR='s\([0-9]*\)_hp_type:[ ]*mixed$'
#REPL='s\1_hp_type: plain'

# Change flux to flux0 for cd
#EXPR='s\([0-9]*\)_flux:'
#REPL='s\1_flux0:'

# if there is a group: keyword then default is only to be in groups listed
# before there was no way to remove from first 2 groups
#. _group: 3 _group: 0 1 3
#. _group:3 _group: 0 1 3
#/Users/bhelenbr surface2 surface
#/Users/bhelenbr surface_outflow2 surface_outflow
#/Users/bhelenbr melt2 melt
#/Users/bhelenbr melt_facet_pt2 melt_facet_pt
#/Users/bhelenbr surface_inflow2 surface_inflow
#. pc_factor_mat_solver_package pc_factor_mat_solver_type
